\BOOKMARK [1][-]{section.1}{\376\377\000B\000a\000s\000i\000c\000\040\000J\000a\000v\000a\000s\000c\000r\000i\000p\000t\000\040\000C\000o\000n\000c\000e\000p\000t\000s}{}% 1
\BOOKMARK [2][-]{subsection.1.1}{\376\377\000A\000r\000r\000a\000y\000.\000p\000r\000o\000t\000o\000t\000y\000p\000e\000.\000s\000l\000i\000c\000e\000\050\000\051}{section.1}% 2
\BOOKMARK [2][-]{subsection.1.2}{\376\377\000A\000r\000r\000a\000y\000.\000p\000r\000o\000t\000o\000t\000y\000p\000e\000.\000s\000o\000r\000t\000\050\000\051}{section.1}% 3
\BOOKMARK [2][-]{subsection.1.3}{\376\377\000A\000r\000r\000a\000y\000.\000p\000r\000o\000t\000o\000t\000y\000p\000e\000.\000j\000o\000i\000n\000\050\000\051}{section.1}% 4
\BOOKMARK [2][-]{subsection.1.4}{\376\377\000A\000r\000r\000a\000y\000.\000p\000r\000o\000t\000o\000t\000y\000p\000e\000.\000i\000n\000d\000e\000x\000O\000f\000\050\000\051}{section.1}% 5
\BOOKMARK [2][-]{subsection.1.5}{\376\377\000A\000r\000r\000a\000y\000.\000p\000r\000o\000t\000o\000t\000y\000p\000e\000.\000r\000e\000d\000u\000c\000e\000\050\000\051}{section.1}% 6
\BOOKMARK [2][-]{subsection.1.6}{\376\377\000S\000t\000r\000i\000n\000g\000.\000p\000r\000o\000t\000o\000t\000y\000p\000e\000.\000s\000p\000l\000i\000t\000\050\000\051}{section.1}% 7
\BOOKMARK [2][-]{subsection.1.7}{\376\377\000A\000r\000r\000a\000y\000.\000p\000r\000o\000t\000o\000t\000y\000p\000e\000.\000f\000i\000l\000l\000\050\000\051}{section.1}% 8
\BOOKMARK [2][-]{subsection.1.8}{\376\377\000m\000a\000p\000\050\000\051}{section.1}% 9
\BOOKMARK [2][-]{subsection.1.9}{\376\377\000A\000r\000r\000a\000y\000.\000p\000r\000o\000t\000o\000t\000y\000p\000e\000.\000p\000u\000s\000h\000\050\000\051}{section.1}% 10
\BOOKMARK [2][-]{subsection.1.10}{\376\377\000A\000r\000r\000a\000y\000.\000p\000r\000o\000t\000o\000t\000y\000p\000e\000.\000s\000p\000l\000i\000c\000e\000\050\000\051}{section.1}% 11
\BOOKMARK [2][-]{subsection.1.11}{\376\377\000B\000i\000t\000w\000i\000s\000e\000\040\000X\000O\000R\000\040\000\050\000\136\000\051}{section.1}% 12
\BOOKMARK [2][-]{subsection.1.12}{\376\377\000S\000t\000r\000i\000n\000g\000.\000p\000r\000o\000t\000o\000t\000y\000p\000e\000.\000c\000h\000a\000r\000C\000o\000d\000e\000A\000t\000\050\000\051}{section.1}% 13
\BOOKMARK [2][-]{subsection.1.13}{\376\377\000S\000t\000r\000i\000n\000g\000.\000f\000r\000o\000m\000C\000h\000a\000r\000C\000o\000d\000e\000\050\000\051}{section.1}% 14
\BOOKMARK [2][-]{subsection.1.14}{\376\377\000A\000r\000r\000a\000y\000.\000p\000r\000o\000t\000o\000t\000y\000p\000e\000.\000s\000o\000m\000e\000\050\000\051}{section.1}% 15
\BOOKMARK [2][-]{subsection.1.15}{\376\377\000A\000r\000r\000a\000y\000.\000p\000r\000o\000t\000o\000t\000y\000p\000e\000.\000e\000v\000e\000r\000y\000\050\000\051}{section.1}% 16
\BOOKMARK [2][-]{subsection.1.16}{\376\377\000A\000r\000r\000a\000y\000.\000p\000r\000o\000t\000o\000t\000y\000p\000e\000.\000i\000n\000c\000l\000u\000d\000e\000s\000\050\000\051}{section.1}% 17
\BOOKMARK [2][-]{subsection.1.17}{\376\377\000A\000r\000r\000a\000y\000.\000p\000r\000o\000t\000o\000t\000y\000p\000e\000.\000f\000i\000n\000d\000\050\000\051}{section.1}% 18
\BOOKMARK [2][-]{subsection.1.18}{\376\377\000M\000a\000t\000h\000.\000m\000a\000x\000\050\000\051\000,\000\040\000M\000a\000t\000h\000.\000m\000i\000n\000\050\000\051\000,\000\040\000M\000a\000t\000h\000.\000a\000b\000s\000\050\000\051}{section.1}% 19
\BOOKMARK [2][-]{subsection.1.19}{\376\377\000p\000a\000r\000s\000e\000I\000n\000t\000\050\000\051\000\040\000\046\000\040\000p\000a\000r\000s\000e\000F\000l\000o\000a\000t\000\050\000\051}{section.1}% 20
\BOOKMARK [2][-]{subsection.1.20}{\376\377\000L\000o\000g\000i\000c\000a\000l\000\040\000\050\000a\000n\000d\000\040\000\046\000\046\000\051\000\040\000a\000n\000d\000\040\000\050\000o\000r\000\040\000\051\000\040}{section.1}% 21
\BOOKMARK [2][-]{subsection.1.21}{\376\377\000S\000e\000t\000\050\000\051\000\040\000c\000o\000n\000s\000t\000r\000u\000c\000t\000o\000r}{section.1}% 22
\BOOKMARK [2][-]{subsection.1.22}{\376\377\000S\000t\000r\000i\000n\000g\000.\000p\000r\000o\000t\000o\000t\000y\000p\000e\000.\000c\000h\000a\000r\000A\000t\000\050\000\051}{section.1}% 23
\BOOKMARK [2][-]{subsection.1.23}{\376\377\000f\000o\000r\000.\000.\000.\000o\000f}{section.1}% 24
\BOOKMARK [2][-]{subsection.1.24}{\376\377\000f\000o\000r\000.\000.\000.\000i\000n}{section.1}% 25
\BOOKMARK [2][-]{subsection.1.25}{\376\377\000C\000o\000n\000d\000i\000t\000i\000o\000n\000a\000l\000\040\000\050\000t\000e\000r\000n\000a\000r\000y\000\051\000\040\000o\000p\000e\000r\000a\000t\000o\000r}{section.1}% 26
\BOOKMARK [2][-]{subsection.1.26}{\376\377\000M\000a\000p\000.\000p\000r\000o\000t\000o\000t\000y\000p\000e\000.\000g\000e\000t\000\050\000\051}{section.1}% 27
\BOOKMARK [2][-]{subsection.1.27}{\376\377\000M\000a\000p\000.\000p\000r\000o\000t\000o\000t\000y\000p\000e\000.\000h\000a\000s\000\050\000\051}{section.1}% 28
\BOOKMARK [2][-]{subsection.1.28}{\376\377\000S\000e\000t}{section.1}% 29
\BOOKMARK [2][-]{subsection.1.29}{\376\377\000O\000b\000j\000e\000c\000t\000.\000p\000r\000o\000t\000o\000t\000y\000p\000e\000.\000t\000o\000S\000t\000r\000i\000n\000g\000\050\000\051}{section.1}% 30
\BOOKMARK [2][-]{subsection.1.30}{\376\377\000S\000t\000r\000i\000n\000g\000.\000p\000r\000o\000t\000o\000t\000y\000p\000e\000.\000r\000e\000p\000l\000a\000c\000e\000\050\000\051}{section.1}% 31
\BOOKMARK [2][-]{subsection.1.31}{\376\377\000S\000e\000t\000.\000p\000r\000o\000t\000o\000t\000y\000p\000e\000.\000a\000d\000d\000\050\000\051}{section.1}% 32
\BOOKMARK [2][-]{subsection.1.32}{\376\377\000A\000r\000r\000a\000y\000.\000p\000r\000o\000t\000o\000t\000y\000p\000e\000.\000u\000n\000s\000h\000i\000f\000t\000\050\000\051}{section.1}% 33
\BOOKMARK [2][-]{subsection.1.33}{\376\377\000S\000e\000t\000.\000p\000r\000o\000t\000o\000t\000y\000p\000e\000.\000s\000i\000z\000e}{section.1}% 34
\BOOKMARK [2][-]{subsection.1.34}{\376\377\000S\000e\000t\000.\000p\000r\000o\000t\000o\000t\000y\000p\000e\000.\000d\000e\000l\000e\000t\000e\000\050\000\051}{section.1}% 35
\BOOKMARK [2][-]{subsection.1.35}{\376\377\000d\000e\000l\000e\000t\000e\000\040\000o\000p\000e\000r\000a\000t\000o\000r}{section.1}% 36
\BOOKMARK [2][-]{subsection.1.36}{\376\377\000A\000r\000r\000a\000y\000.\000p\000r\000o\000t\000o\000t\000y\000p\000e\000.\000r\000e\000v\000e\000r\000s\000e\000\050\000\051}{section.1}% 37
\BOOKMARK [2][-]{subsection.1.37}{\376\377\000A\000r\000r\000a\000y\000\050\000\051\000\040\000c\000o\000n\000s\000t\000r\000u\000c\000t\000o\000r}{section.1}% 38
\BOOKMARK [2][-]{subsection.1.38}{\376\377\000M\000a\000t\000h\000.\000t\000r\000u\000n\000c\000\050\000\051}{section.1}% 39
\BOOKMARK [2][-]{subsection.1.39}{\376\377\000c\000o\000n\000t\000i\000n\000u\000e}{section.1}% 40
\BOOKMARK [2][-]{subsection.1.40}{\376\377\000M\000a\000p\000.\000p\000r\000o\000t\000o\000t\000y\000p\000e\000.\000s\000e\000t\000\050\000\051}{section.1}% 41
\BOOKMARK [2][-]{subsection.1.41}{\376\377\000S\000t\000r\000i\000n\000g\000.\000p\000r\000o\000t\000o\000t\000y\000p\000e\000.\000s\000u\000b\000s\000t\000r\000i\000n\000g\000\050\000\051}{section.1}% 42
\BOOKMARK [2][-]{subsection.1.42}{\376\377\000S\000t\000r\000i\000n\000g\000.\000p\000r\000o\000t\000o\000t\000y\000p\000e\000.\000t\000o\000L\000o\000w\000e\000r\000C\000a\000s\000e\000\050\000\051\000\040\000S\000t\000r\000i\000n\000g\000.\000p\000r\000o\000t\000o\000t\000y\000p\000e\000.\000t\000o\000U\000p\000p\000e\000r\000C\000a\000s\000e\000\050\000\051}{section.1}% 43
\BOOKMARK [2][-]{subsection.1.43}{\376\377\000t\000h\000i\000s}{section.1}% 44
\BOOKMARK [2][-]{subsection.1.44}{\376\377\000O\000b\000j\000e\000c\000t\000.\000v\000a\000l\000u\000e\000s\000\050\000\051}{section.1}% 45
\BOOKMARK [2][-]{subsection.1.45}{\376\377\000c\000o\000n\000s\000t\000r\000u\000c\000t\000o\000r}{section.1}% 46
\BOOKMARK [2][-]{subsection.1.46}{\376\377\000C\000l\000a\000s\000s\000e\000s}{section.1}% 47
\BOOKMARK [2][-]{subsection.1.47}{\376\377\000A\000r\000r\000a\000y\000.\000f\000r\000o\000m\000\050\000\051}{section.1}% 48
\BOOKMARK [2][-]{subsection.1.48}{\376\377\000A\000r\000r\000a\000y\000.\000p\000r\000o\000t\000o\000t\000y\000p\000e\000.\000f\000o\000r\000E\000a\000c\000h\000\050\000\051}{section.1}% 49
\BOOKMARK [2][-]{subsection.1.49}{\376\377\000M\000a\000p\000\050\000\051\000\040\000c\000o\000n\000s\000t\000r\000u\000c\000t\000o\000r}{section.1}% 50
\BOOKMARK [1][-]{section.2}{\376\377\000A\000r\000r\000a\000y\000\040\000A\000l\000g\000o\000r\000i\000t\000h\000m\000\040\000P\000r\000o\000b\000l\000e\000m\000s}{}% 51
\BOOKMARK [2][-]{subsection.2.1}{\376\377\000B\000u\000i\000l\000d\000\040\000A\000r\000r\000a\000y\000\040\000f\000r\000o\000m\000\040\000P\000e\000r\000m\000u\000t\000a\000t\000i\000o\000n}{section.2}% 52
\BOOKMARK [2][-]{subsection.2.2}{\376\377\000C\000o\000u\000n\000t\000\040\000I\000t\000e\000m\000s\000\040\000M\000a\000t\000c\000h\000i\000n\000g\000\040\000a\000\040\000R\000u\000l\000e}{section.2}% 53
\BOOKMARK [2][-]{subsection.2.3}{\376\377\000C\000r\000e\000a\000t\000e\000\040\000T\000a\000r\000g\000e\000t\000\040\000A\000r\000r\000a\000y\000\040\000i\000n\000\040\000t\000h\000e\000\040\000G\000i\000v\000e\000n\000\040\000O\000r\000d\000e\000r}{section.2}% 54
\BOOKMARK [2][-]{subsection.2.4}{\376\377\000D\000e\000c\000o\000d\000e\000\040\000X\000O\000R\000e\000d\000\040\000A\000r\000r\000a\000y}{section.2}% 55
\BOOKMARK [2][-]{subsection.2.5}{\376\377\000D\000e\000c\000o\000m\000p\000r\000e\000s\000s\000\040\000R\000u\000n\000-\000L\000e\000n\000g\000t\000h\000\040\000E\000n\000c\000o\000d\000e\000d\000\040\000L\000i\000s\000t}{section.2}% 56
\BOOKMARK [2][-]{subsection.2.6}{\376\377\000F\000i\000n\000a\000l\000\040\000V\000a\000l\000u\000e\000\040\000o\000f\000\040\000V\000a\000r\000i\000a\000b\000l\000e\000\040\000A\000f\000t\000e\000r\000\040\000P\000e\000r\000f\000o\000r\000m\000i\000n\000g\000\040\000O\000p\000e\000r\000a\000t\000i\000o\000n\000s}{section.2}% 57
\BOOKMARK [2][-]{subsection.2.7}{\376\377\000C\000o\000n\000c\000a\000t\000e\000n\000a\000t\000i\000o\000n\000\040\000o\000f\000\040\000A\000r\000r\000a\000y}{section.2}% 58
\BOOKMARK [2][-]{subsection.2.8}{\376\377\000K\000i\000d\000s\000\040\000W\000i\000t\000h\000\040\000t\000h\000e\000\040\000G\000r\000e\000a\000t\000e\000s\000t\000\040\000N\000u\000m\000b\000e\000r\000\040\000o\000f\000\040\000C\000a\000n\000d\000i\000e\000s}{section.2}% 59
\BOOKMARK [2][-]{subsection.2.9}{\376\377\000M\000a\000x\000i\000m\000u\000m\000\040\000N\000u\000m\000b\000e\000r\000\040\000o\000f\000\040\000W\000o\000r\000d\000s\000\040\000F\000o\000u\000n\000d\000\040\000i\000n\000\040\000S\000e\000n\000t\000e\000n\000c\000e\000s}{section.2}% 60
\BOOKMARK [2][-]{subsection.2.10}{\376\377\000N\000u\000m\000b\000e\000r\000\040\000o\000f\000\040\000G\000o\000o\000d\000\040\000P\000a\000i\000r\000s}{section.2}% 61
\BOOKMARK [2][-]{subsection.2.11}{\376\377\000S\000h\000u\000f\000f\000l\000e\000\040\000S\000t\000r\000i\000n\000g}{section.2}% 62
\BOOKMARK [2][-]{subsection.2.12}{\376\377\000R\000i\000c\000h\000e\000s\000t\000\040\000C\000u\000s\000t\000o\000m\000e\000r\000\040\000W\000e\000a\000l\000t\000h}{section.2}% 63
\BOOKMARK [2][-]{subsection.2.13}{\376\377\000R\000u\000n\000n\000i\000n\000g\000\040\000S\000u\000m\000\040\000o\000f\000\040\0001\000d\000\040\000A\000r\000r\000a\000y}{section.2}% 64
\BOOKMARK [2][-]{subsection.2.14}{\376\377\000S\000h\000u\000f\000f\000l\000e\000\040\000t\000h\000e\000\040\000A\000r\000r\000a\000y}{section.2}% 65
\BOOKMARK [2][-]{subsection.2.15}{\376\377\000H\000o\000w\000\040\000M\000a\000n\000y\000\040\000N\000u\000m\000b\000e\000r\000s\000\040\000A\000r\000e\000\040\000S\000m\000a\000l\000l\000e\000r\000\040\000T\000h\000a\000n\000\040\000t\000h\000e\000\040\000C\000u\000r\000r\000e\000n\000t\000\040\000N\000u\000m\000b\000e\000r}{section.2}% 66
\BOOKMARK [2][-]{subsection.2.16}{\376\377\000S\000u\000m\000\040\000o\000f\000\040\000A\000l\000l\000\040\000O\000d\000d\000\040\000L\000e\000n\000g\000t\000h\000\040\000S\000u\000b\000a\000r\000r\000a\000y\000s}{section.2}% 67
\BOOKMARK [2][-]{subsection.2.17}{\376\377\000C\000o\000u\000n\000t\000\040\000N\000u\000m\000b\000e\000r\000\040\000o\000f\000\040\000P\000a\000i\000r\000s\000\040\000W\000i\000t\000h\000\040\000A\000b\000s\000o\000l\000u\000t\000e\000\040\000D\000i\000f\000f\000e\000r\000e\000n\000c\000e\000\040\000K}{section.2}% 68
\BOOKMARK [2][-]{subsection.2.18}{\376\377\000M\000i\000n\000i\000m\000u\000m\000\040\000N\000u\000m\000b\000e\000r\000\040\000o\000f\000\040\000M\000o\000v\000e\000s\000\040\000t\000o\000\040\000S\000e\000a\000t\000\040\000E\000v\000e\000r\000y\000o\000n\000e}{section.2}% 69
\BOOKMARK [2][-]{subsection.2.19}{\376\377\000M\000i\000n\000i\000m\000u\000m\000\040\000A\000m\000o\000u\000n\000t\000\040\000o\000f\000\040\000T\000i\000m\000e\000\040\000t\000o\000\040\000F\000i\000l\000l\000\040\000C\000u\000p\000s}{section.2}% 70
\BOOKMARK [2][-]{subsection.2.20}{\376\377\000A\000s\000s\000i\000g\000n\000\040\000C\000o\000o\000k\000i\000e\000s}{section.2}% 71
\BOOKMARK [1][-]{section.3}{\376\377\000S\000t\000r\000i\000n\000g\000\040\000A\000l\000g\000o\000r\000i\000t\000h\000m\000\040\000P\000r\000o\000b\000l\000e\000m\000s}{}% 72
\BOOKMARK [2][-]{subsection.3.1}{\376\377\000D\000e\000f\000a\000n\000g\000i\000n\000g\000\040\000a\000n\000\040\000I\000P\000\040\000A\000d\000d\000r\000e\000s\000s}{section.3}% 73
\BOOKMARK [2][-]{subsection.3.2}{\376\377\000J\000e\000w\000e\000l\000s\000\040\000a\000n\000d\000\040\000S\000t\000o\000n\000e\000s}{section.3}% 74
\BOOKMARK [2][-]{subsection.3.3}{\376\377\000G\000o\000a\000l\000\040\000P\000a\000r\000s\000e\000r\000\040\000I\000n\000t\000e\000r\000p\000r\000e\000t\000a\000t\000i\000o\000n}{section.3}% 75
\BOOKMARK [2][-]{subsection.3.4}{\376\377\000C\000e\000l\000l\000s\000\040\000i\000n\000\040\000a\000\040\000R\000a\000n\000g\000e\000\040\000o\000n\000\040\000a\000n\000\040\000E\000x\000c\000e\000l\000\040\000S\000h\000e\000e\000t}{section.3}% 76
\BOOKMARK [2][-]{subsection.3.5}{\376\377\000S\000p\000l\000i\000t\000\040\000a\000\040\000S\000t\000r\000i\000n\000g\000\040\000i\000n\000\040\000B\000a\000l\000a\000n\000c\000e\000d\000\040\000S\000t\000r\000i\000n\000g\000s}{section.3}% 77
\BOOKMARK [2][-]{subsection.3.6}{\376\377\000S\000o\000r\000t\000i\000n\000g\000\040\000t\000h\000e\000\040\000S\000e\000n\000t\000e\000n\000c\000e}{section.3}% 78
\BOOKMARK [2][-]{subsection.3.7}{\376\377\000D\000e\000c\000o\000d\000e\000\040\000t\000h\000e\000\040\000M\000e\000s\000s\000a\000g\000e}{section.3}% 79
\BOOKMARK [2][-]{subsection.3.8}{\376\377\000M\000a\000x\000i\000m\000u\000m\000\040\000N\000e\000s\000t\000i\000n\000g\000\040\000D\000e\000p\000t\000h\000\040\000o\000f\000\040\000t\000h\000e\000\040\000P\000a\000r\000e\000n\000t\000h\000e\000s\000e\000s}{section.3}% 80
\BOOKMARK [2][-]{subsection.3.9}{\376\377\000F\000i\000z\000z\000\040\000B\000u\000z\000z}{section.3}% 81
\BOOKMARK [2][-]{subsection.3.10}{\376\377\000C\000h\000e\000c\000k\000\040\000I\000f\000\040\000T\000w\000o\000\040\000S\000t\000r\000i\000n\000g\000\040\000A\000r\000r\000a\000y\000s\000\040\000a\000r\000e\000\040\000E\000q\000u\000i\000v\000a\000l\000e\000n\000t}{section.3}% 82
\BOOKMARK [2][-]{subsection.3.11}{\376\377\000C\000o\000u\000n\000t\000\040\000t\000h\000e\000\040\000N\000u\000m\000b\000e\000r\000\040\000o\000f\000\040\000C\000o\000n\000s\000i\000s\000t\000e\000n\000t\000\040\000S\000t\000r\000i\000n\000g\000s}{section.3}% 83
\BOOKMARK [2][-]{subsection.3.12}{\376\377\000T\000o\000\040\000L\000o\000w\000e\000r\000\040\000C\000a\000s\000e}{section.3}% 84
\BOOKMARK [2][-]{subsection.3.13}{\376\377\000R\000i\000n\000g\000s\000\040\000a\000n\000d\000\040\000R\000o\000d\000s}{section.3}% 85
\BOOKMARK [2][-]{subsection.3.14}{\376\377\000T\000r\000u\000n\000c\000a\000t\000e\000\040\000S\000e\000n\000t\000e\000n\000c\000e}{section.3}% 86
\BOOKMARK [2][-]{subsection.3.15}{\376\377\000C\000h\000e\000c\000k\000\040\000i\000f\000\040\000t\000h\000e\000\040\000S\000e\000n\000t\000e\000n\000c\000e\000\040\000I\000s\000\040\000P\000a\000n\000g\000r\000a\000m}{section.3}% 87
\BOOKMARK [2][-]{subsection.3.16}{\376\377\000C\000o\000u\000n\000t\000\040\000A\000s\000t\000e\000r\000i\000s\000k\000s}{section.3}% 88
\BOOKMARK [2][-]{subsection.3.17}{\376\377\000U\000n\000i\000q\000u\000e\000\040\000M\000o\000r\000s\000e\000\040\000C\000o\000d\000e\000\040\000W\000o\000r\000d\000s}{section.3}% 89
\BOOKMARK [2][-]{subsection.3.18}{\376\377\000N\000u\000m\000b\000e\000r\000\040\000o\000f\000\040\000S\000t\000r\000i\000n\000g\000s\000\040\000T\000h\000a\000t\000\040\000A\000p\000p\000e\000a\000r\000\040\000a\000s\000\040\000S\000u\000b\000s\000t\000r\000i\000n\000g\000s\000\040\000i\000n\000\040\000W\000o\000r\000d}{section.3}% 90
\BOOKMARK [2][-]{subsection.3.19}{\376\377\000R\000e\000m\000o\000v\000e\000\040\000O\000u\000t\000e\000r\000m\000o\000s\000t\000\040\000P\000a\000r\000e\000n\000t\000h\000e\000s\000e\000s}{section.3}% 91
\BOOKMARK [2][-]{subsection.3.20}{\376\377\000R\000e\000p\000l\000a\000c\000e\000\040\000A\000l\000l\000\040\000D\000i\000g\000i\000t\000s\000\040\000w\000i\000t\000h\000\040\000C\000h\000a\000r\000a\000c\000t\000e\000r\000s}{section.3}% 92
\BOOKMARK [1][-]{section.4}{\376\377\000H\000a\000s\000h\000\040\000T\000a\000b\000l\000e\000s}{}% 93
\BOOKMARK [2][-]{subsection.4.1}{\376\377\000D\000e\000s\000t\000i\000n\000a\000t\000i\000o\000n\000\040\000C\000i\000t\000y}{section.4}% 94
\BOOKMARK [2][-]{subsection.4.2}{\376\377\000M\000a\000x\000i\000m\000u\000m\000\040\000N\000u\000m\000b\000e\000r\000\040\000o\000f\000\040\000P\000a\000i\000r\000s\000\040\000i\000n\000\040\000A\000r\000r\000a\000y}{section.4}% 95
\BOOKMARK [2][-]{subsection.4.3}{\376\377\000D\000e\000s\000i\000g\000n\000\040\000a\000n\000\040\000O\000r\000d\000e\000r\000e\000d\000\040\000S\000t\000r\000e\000a\000m}{section.4}% 96
\BOOKMARK [2][-]{subsection.4.4}{\376\377\000I\000n\000c\000r\000e\000a\000s\000i\000n\000g\000\040\000D\000e\000c\000r\000e\000a\000s\000i\000n\000g\000\040\000S\000t\000r\000i\000n\000g}{section.4}% 97
\BOOKMARK [2][-]{subsection.4.5}{\376\377\000C\000h\000e\000c\000k\000\040\000i\000f\000\040\000A\000l\000l\000\040\000C\000h\000a\000r\000a\000c\000t\000e\000r\000s\000\040\000H\000a\000v\000e\000\040\000E\000q\000u\000a\000l\000\040\000N\000u\000m\000b\000e\000r\000\040\000o\000f\000\040\000O\000c\000c\000u\000r\000r\000e\000n\000c\000e\000s}{section.4}% 98
\BOOKMARK [2][-]{subsection.4.6}{\376\377\000D\000i\000v\000i\000d\000e\000\040\000A\000r\000r\000a\000y\000\040\000I\000n\000t\000o\000\040\000E\000q\000u\000a\000l\000\040\000P\000a\000i\000r\000s}{section.4}% 99
\BOOKMARK [2][-]{subsection.4.7}{\376\377\000N\000-\000R\000e\000p\000e\000a\000t\000e\000d\000\040\000E\000l\000e\000m\000e\000n\000t\000\040\000i\000n\000\040\000S\000i\000z\000e\000\040\0002\000N\000\040\000A\000r\000r\000a\000y}{section.4}% 100
\BOOKMARK [2][-]{subsection.4.8}{\376\377\000S\000u\000m\000\040\000o\000f\000\040\000U\000n\000i\000q\000u\000e\000\040\000E\000l\000e\000m\000e\000n\000t\000s}{section.4}% 101
\BOOKMARK [2][-]{subsection.4.9}{\376\377\000M\000a\000x\000i\000m\000u\000m\000\040\000N\000u\000m\000b\000e\000r\000\040\000o\000f\000\040\000B\000a\000l\000l\000s\000\040\000i\000n\000\040\000a\000\040\000B\000o\000x}{section.4}% 102
\BOOKMARK [2][-]{subsection.4.10}{\376\377\000C\000h\000e\000c\000k\000\040\000i\000f\000\040\000N\000u\000m\000b\000e\000r\000\040\000H\000a\000s\000\040\000E\000q\000u\000a\000l\000\040\000D\000i\000g\000i\000t\000\040\000C\000o\000u\000n\000t\000\040\000a\000n\000d\000\040\000D\000i\000g\000i\000t\000\040\000V\000a\000l\000u\000e}{section.4}% 103
\BOOKMARK [2][-]{subsection.4.11}{\376\377\000K\000e\000e\000p\000\040\000M\000u\000l\000t\000i\000p\000l\000y\000i\000n\000g\000\040\000F\000o\000u\000n\000d\000\040\000V\000a\000l\000u\000e\000s\000\040\000b\000y\000\040\000T\000w\000o}{section.4}% 104
\BOOKMARK [2][-]{subsection.4.12}{\376\377\000T\000w\000o\000\040\000O\000u\000t\000\040\000o\000f\000\040\000T\000h\000r\000e\000e}{section.4}% 105
\BOOKMARK [2][-]{subsection.4.13}{\376\377\000K\000t\000h\000\040\000D\000i\000s\000t\000i\000n\000c\000t\000\040\000S\000t\000r\000i\000n\000g\000\040\000i\000n\000\040\000a\000n\000\040\000A\000r\000r\000a\000y}{section.4}% 106
\BOOKMARK [2][-]{subsection.4.14}{\376\377\000M\000a\000x\000i\000m\000u\000m\000\040\000N\000u\000m\000b\000e\000r\000\040\000o\000f\000\040\000W\000o\000r\000d\000s\000\040\000Y\000o\000u\000\040\000C\000a\000n\000\040\000T\000y\000p\000e}{section.4}% 107
\BOOKMARK [2][-]{subsection.4.15}{\376\377\000S\000u\000b\000s\000t\000r\000i\000n\000g\000s\000\040\000o\000f\000\040\000S\000i\000z\000e\000\040\000T\000h\000r\000e\000e\000\040\000w\000i\000t\000h\000\040\000D\000i\000s\000t\000i\000n\000c\000t\000\040\000C\000h\000a\000r\000a\000c\000t\000e\000r\000s}{section.4}% 108
\BOOKMARK [2][-]{subsection.4.16}{\376\377\000F\000i\000n\000d\000\040\000t\000h\000e\000\040\000D\000i\000f\000f\000e\000r\000e\000n\000c\000e\000\040\000o\000f\000\040\000T\000w\000o\000\040\000A\000r\000r\000a\000y\000s}{section.4}% 109
\BOOKMARK [2][-]{subsection.4.17}{\376\377\000I\000s\000o\000m\000o\000r\000p\000h\000i\000c\000\040\000S\000t\000r\000i\000n\000g\000s}{section.4}% 110
\BOOKMARK [2][-]{subsection.4.18}{\376\377\000W\000o\000r\000d\000\040\000P\000a\000t\000t\000e\000r\000n}{section.4}% 111
\BOOKMARK [2][-]{subsection.4.19}{\376\377\000L\000o\000n\000g\000e\000s\000t\000\040\000H\000a\000r\000m\000o\000n\000i\000o\000u\000s\000\040\000S\000u\000b\000s\000e\000q\000u\000e\000n\000c\000e}{section.4}% 112
\BOOKMARK [2][-]{subsection.4.20}{\376\377\000N\000e\000x\000t\000\040\000G\000r\000e\000a\000t\000e\000r\000\040\000E\000l\000e\000m\000e\000n\000t\000\040\000I}{section.4}% 113
\BOOKMARK [1][-]{section.5}{\376\377\000D\000y\000n\000a\000m\000i\000c\000\040\000P\000r\000o\000g\000r\000a\000m\000m\000i\000n\000g}{}% 114
\BOOKMARK [2][-]{subsection.5.1}{\376\377\000C\000o\000u\000n\000t\000i\000n\000g\000\040\000B\000i\000t\000s}{section.5}% 115
\BOOKMARK [2][-]{subsection.5.2}{\376\377\000F\000i\000b\000o\000n\000a\000c\000c\000i\000\040\000N\000u\000m\000b\000e\000r}{section.5}% 116
\BOOKMARK [2][-]{subsection.5.3}{\376\377\000P\000a\000s\000c\000a\000l\000'\000s\000\040\000T\000r\000i\000a\000n\000g\000l\000e}{section.5}% 117
\BOOKMARK [2][-]{subsection.5.4}{\376\377\000D\000i\000v\000i\000s\000o\000r\000\040\000G\000a\000m\000e}{section.5}% 118
\BOOKMARK [2][-]{subsection.5.5}{\376\377\000N\000-\000t\000h\000\040\000T\000r\000i\000b\000o\000n\000a\000c\000c\000i\000\040\000N\000u\000m\000b\000e\000r}{section.5}% 119
\BOOKMARK [2][-]{subsection.5.6}{\376\377\000M\000i\000n\000\040\000C\000o\000s\000t\000\040\000C\000l\000i\000m\000b\000i\000n\000g\000\040\000S\000t\000a\000i\000r\000s}{section.5}% 120
\BOOKMARK [2][-]{subsection.5.7}{\376\377\000P\000a\000s\000c\000a\000l\000'\000s\000\040\000T\000r\000i\000a\000n\000g\000l\000e\000\040\000I\000I}{section.5}% 121
\BOOKMARK [2][-]{subsection.5.8}{\376\377\000B\000e\000s\000t\000\040\000T\000i\000m\000e\000\040\000t\000o\000\040\000B\000u\000y\000\040\000a\000n\000d\000\040\000S\000e\000l\000l\000\040\000S\000t\000o\000c\000k}{section.5}% 122
\BOOKMARK [2][-]{subsection.5.9}{\376\377\000C\000l\000i\000m\000b\000i\000n\000g\000\040\000S\000t\000a\000i\000r\000s}{section.5}% 123
\BOOKMARK [2][-]{subsection.5.10}{\376\377\000I\000s\000\040\000S\000u\000b\000s\000e\000q\000u\000e\000n\000c\000e}{section.5}% 124
\BOOKMARK [1][-]{section.6}{\376\377\000D\000e\000p\000t\000h\000\040\000F\000i\000r\000s\000t\000\040\000S\000e\000a\000r\000c\000h\000\040\000P\000r\000o\000b\000l\000e\000m\000s}{}% 125
\BOOKMARK [2][-]{subsection.6.1}{\376\377\000M\000a\000x\000i\000m\000u\000m\000\040\000D\000e\000p\000t\000h\000\040\000o\000f\000\040\000B\000i\000n\000a\000r\000y\000\040\000T\000r\000e\000e}{section.6}% 126
\BOOKMARK [2][-]{subsection.6.2}{\376\377\000F\000i\000n\000d\000\040\000a\000\040\000C\000o\000r\000r\000e\000s\000p\000o\000n\000d\000i\000n\000g\000\040\000N\000o\000d\000e\000\040\000o\000f\000\040\000a\000\040\000B\000i\000n\000a\000r\000y\000\040\000T\000r\000e\000e\000\040\000i\000n\000\040\000a\000\040\000C\000l\000o\000n\000e\000\040\000o\000f\000\040\000T\000h\000a\000t\000\040\000T\000r\000e\000e}{section.6}% 127
\BOOKMARK [2][-]{subsection.6.3}{\376\377\000E\000v\000a\000l\000u\000a\000t\000e\000\040\000B\000o\000o\000l\000e\000a\000n\000\040\000B\000i\000n\000a\000r\000y\000\040\000T\000r\000e\000e}{section.6}% 128
\BOOKMARK [2][-]{subsection.6.4}{\376\377\000F\000i\000n\000d\000\040\000A\000l\000l\000\040\000T\000h\000e\000\040\000L\000o\000n\000e\000l\000y\000\040\000N\000o\000d\000e\000s}{section.6}% 129
\BOOKMARK [2][-]{subsection.6.5}{\376\377\000R\000a\000n\000g\000e\000\040\000S\000u\000m\000\040\000o\000f\000\040\000B\000S\000T}{section.6}% 130
\BOOKMARK [2][-]{subsection.6.6}{\376\377\000S\000u\000m\000\040\000o\000f\000\040\000R\000o\000o\000t\000\040\000T\000o\000\040\000L\000e\000a\000f\000\040\000B\000i\000n\000a\000r\000y\000\040\000N\000u\000m\000b\000e\000r\000s}{section.6}% 131
\BOOKMARK [2][-]{subsection.6.7}{\376\377\000N\000-\000a\000r\000y\000\040\000T\000r\000e\000e\000\040\000P\000r\000e\000o\000r\000d\000e\000r\000\040\000T\000r\000a\000v\000e\000r\000s\000a\000l}{section.6}% 132
\BOOKMARK [2][-]{subsection.6.8}{\376\377\000N\000-\000a\000r\000y\000\040\000T\000r\000e\000e\000\040\000P\000o\000s\000t\000o\000r\000d\000e\000r\000\040\000T\000r\000a\000v\000e\000r\000s\000a\000l}{section.6}% 133
\BOOKMARK [2][-]{subsection.6.9}{\376\377\000I\000n\000c\000r\000e\000a\000s\000i\000n\000g\000\040\000O\000r\000d\000e\000r\000\040\000S\000e\000a\000r\000c\000h\000\040\000T\000r\000e\000e}{section.6}% 134
\BOOKMARK [2][-]{subsection.6.10}{\376\377\000M\000e\000r\000g\000e\000\040\000T\000w\000o\000\040\000B\000i\000n\000a\000r\000y\000\040\000T\000r\000e\000e\000s}{section.6}% 135
\BOOKMARK [1][-]{section.7}{\376\377\000B\000r\000e\000a\000d\000t\000h\000\040\000F\000i\000r\000s\000t\000\040\000S\000e\000a\000r\000c\000h}{}% 136
\BOOKMARK [2][-]{subsection.7.1}{\376\377\000I\000n\000v\000e\000r\000t\000\040\000B\000i\000n\000a\000r\000y\000\040\000T\000r\000e\000e}{section.7}% 137
\BOOKMARK [2][-]{subsection.7.2}{\376\377\000M\000a\000x\000i\000m\000u\000m\000\040\000D\000e\000p\000t\000h\000\040\000o\000f\000\040\000N\000-\000a\000r\000y\000\040\000T\000r\000e\000e}{section.7}% 138
\BOOKMARK [2][-]{subsection.7.3}{\376\377\000I\000s\000l\000a\000n\000d\000\040\000P\000e\000r\000i\000m\000e\000t\000e\000r}{section.7}% 139
\BOOKMARK [2][-]{subsection.7.4}{\376\377\000A\000v\000e\000r\000a\000g\000e\000\040\000o\000f\000\040\000L\000e\000v\000e\000l\000s\000\040\000i\000n\000\040\000B\000i\000n\000a\000r\000y\000\040\000T\000r\000e\000e}{section.7}% 140
\BOOKMARK [2][-]{subsection.7.5}{\376\377\000U\000n\000i\000v\000a\000l\000u\000e\000d\000\040\000B\000i\000n\000a\000r\000y\000\040\000T\000r\000e\000e}{section.7}% 141
\BOOKMARK [2][-]{subsection.7.6}{\376\377\000F\000l\000o\000o\000d\000\040\000F\000i\000l\000l}{section.7}% 142
\BOOKMARK [2][-]{subsection.7.7}{\376\377\000T\000w\000o\000\040\000S\000u\000m\000\040\000I\000V\000\040\000-\000\040\000I\000n\000p\000u\000t\000\040\000i\000s\000\040\000a\000\040\000B\000S\000T}{section.7}% 143
\BOOKMARK [2][-]{subsection.7.8}{\376\377\000M\000i\000n\000i\000m\000u\000m\000\040\000A\000b\000s\000o\000l\000u\000t\000e\000\040\000D\000i\000f\000f\000e\000r\000e\000n\000c\000e\000\040\000i\000n\000\040\000B\000S\000T}{section.7}% 144
\BOOKMARK [2][-]{subsection.7.9}{\376\377\000M\000i\000n\000i\000m\000u\000m\000\040\000D\000i\000s\000t\000a\000n\000c\000e\000\040\000B\000e\000t\000w\000e\000e\000n\000\040\000B\000S\000T\000\040\000N\000o\000d\000e\000s}{section.7}% 145
\BOOKMARK [2][-]{subsection.7.10}{\376\377\000S\000a\000m\000e\000\040\000T\000r\000e\000e}{section.7}% 146
\BOOKMARK [1][-]{section.8}{\376\377\000B\000i\000n\000a\000r\000y\000\040\000S\000e\000a\000r\000c\000h\000\040\000T\000r\000e\000e}{}% 147
\BOOKMARK [2][-]{subsection.8.1}{\376\377\000S\000e\000a\000r\000c\000h\000\040\000i\000n\000\040\000a\000\040\000B\000i\000n\000a\000r\000y\000\040\000S\000e\000a\000r\000c\000h\000\040\000T\000r\000e\000e}{section.8}% 148
\BOOKMARK [2][-]{subsection.8.2}{\376\377\000C\000o\000n\000v\000e\000r\000t\000\040\000S\000o\000r\000t\000e\000d\000\040\000A\000r\000r\000a\000y\000\040\000t\000o\000\040\000B\000i\000n\000a\000r\000y\000\040\000S\000e\000a\000r\000c\000h\000\040\000T\000r\000e\000e}{section.8}% 149
\BOOKMARK [2][-]{subsection.8.3}{\376\377\000U\000n\000i\000q\000u\000e\000\040\000B\000i\000n\000a\000r\000y\000\040\000S\000e\000a\000r\000c\000h\000\040\000T\000r\000e\000e\000s}{section.8}% 150
\BOOKMARK [2][-]{subsection.8.4}{\376\377\000L\000o\000w\000e\000s\000t\000\040\000C\000o\000m\000m\000o\000n\000\040\000A\000n\000c\000e\000s\000t\000o\000r\000\040\000o\000f\000\040\000a\000\040\000B\000i\000n\000a\000r\000y\000\040\000S\000e\000a\000r\000c\000h\000\040\000T\000r\000e\000e}{section.8}% 151
\BOOKMARK [2][-]{subsection.8.5}{\376\377\000C\000l\000o\000s\000e\000s\000t\000\040\000B\000i\000n\000a\000r\000y\000\040\000S\000e\000a\000r\000c\000h\000\040\000T\000r\000e\000e\000\040\000V\000a\000l\000u\000e}{section.8}% 152
\BOOKMARK [2][-]{subsection.8.6}{\376\377\000B\000i\000n\000a\000r\000y\000\040\000S\000e\000a\000r\000c\000h\000\040\000T\000r\000e\000e\000\040\000t\000o\000\040\000G\000r\000e\000a\000t\000e\000r\000\040\000S\000u\000m\000\040\000T\000r\000e\000e}{section.8}% 153
\BOOKMARK [2][-]{subsection.8.7}{\376\377\000C\000o\000n\000s\000t\000r\000u\000c\000t\000\040\000B\000i\000n\000a\000r\000y\000\040\000S\000e\000a\000r\000c\000h\000\040\000T\000r\000e\000e\000\040\000f\000r\000o\000m\000\040\000P\000r\000e\000o\000r\000d\000e\000r\000\040\000T\000r\000a\000v\000e\000r\000s\000a\000l}{section.8}% 154
\BOOKMARK [2][-]{subsection.8.8}{\376\377\000B\000a\000l\000a\000n\000c\000e\000\040\000a\000\040\000B\000i\000n\000a\000r\000y\000\040\000S\000e\000a\000r\000c\000h\000\040\000T\000r\000e\000e}{section.8}% 155
\BOOKMARK [2][-]{subsection.8.9}{\376\377\000K\000t\000h\000\040\000S\000m\000a\000l\000l\000e\000s\000t\000\040\000E\000l\000e\000m\000e\000n\000t\000\040\000i\000n\000\040\000a\000\040\000B\000S\000T}{section.8}% 156
\BOOKMARK [2][-]{subsection.8.10}{\376\377\000D\000e\000l\000e\000t\000e\000\040\000N\000o\000d\000e\000\040\000i\000n\000\040\000a\000\040\000B\000S\000T}{section.8}% 157
