This is pdfTeX, Version 3.141592653-2.6-1.40.24 (TeX Live 2022) (preloaded format=pdflatex 2022.7.8)  28 JUL 2022 15:59
entering extended mode
 restricted \write18 enabled.
 file:line:error style messages enabled.
 %&-line parsing enabled.
**CodingNotes.tex
(./CodingNotes.tex
LaTeX2e <2021-11-15> patch level 1
L3 programming layer <2022-02-24>
(/usr/local/texlive/2022/texmf-dist/tex/latex/base/article.cls
Document Class: article 2021/10/04 v1.4n Standard LaTeX document class
(/usr/local/texlive/2022/texmf-dist/tex/latex/base/size10.clo
File: size10.clo 2021/10/04 v1.4n Standard LaTeX file (size option)
)
\c@part=\count185
\c@section=\count186
\c@subsection=\count187
\c@subsubsection=\count188
\c@paragraph=\count189
\c@subparagraph=\count190
\c@figure=\count191
\c@table=\count192
\abovecaptionskip=\skip47
\belowcaptionskip=\skip48
\bibindent=\dimen138
)
(/usr/local/texlive/2022/texmf-dist/tex/latex/listings/listings.sty
(/usr/local/texlive/2022/texmf-dist/tex/latex/graphics/keyval.sty
Package: keyval 2014/10/28 v1.15 key=value parser (DPC)
\KV@toks@=\toks16
)
\lst@mode=\count193
\lst@gtempboxa=\box50
\lst@token=\toks17
\lst@length=\count194
\lst@currlwidth=\dimen139
\lst@column=\count195
\lst@pos=\count196
\lst@lostspace=\dimen140
\lst@width=\dimen141
\lst@newlines=\count197
\lst@lineno=\count198
\lst@maxwidth=\dimen142

(/usr/local/texlive/2022/texmf-dist/tex/latex/listings/lstmisc.sty
File: lstmisc.sty 2020/03/24 1.8d (Carsten Heinz)
\c@lstnumber=\count199
\lst@skipnumbers=\count266
\lst@framebox=\box51
)
(/usr/local/texlive/2022/texmf-dist/tex/latex/listings/listings.cfg
File: listings.cfg 2020/03/24 1.8d listings configuration
))
Package: listings 2020/03/24 1.8d (Carsten Heinz)

(/usr/local/texlive/2022/texmf-dist/tex/latex/graphics/color.sty
Package: color 2021/12/07 v1.3c Standard LaTeX Color (DPC)

(/usr/local/texlive/2022/texmf-dist/tex/latex/graphics-cfg/color.cfg
File: color.cfg 2016/01/02 v1.6 sample color configuration
)
Package color Info: Driver file: pdftex.def on input line 149.

(/usr/local/texlive/2022/texmf-dist/tex/latex/graphics-def/pdftex.def
File: pdftex.def 2020/10/05 v1.2a Graphics/color driver for pdftex
))
(/usr/local/texlive/2022/texmf-dist/tex/latex/hyperref/hyperref.sty
Package: hyperref 2022-02-21 v7.00n Hypertext links for LaTeX

(/usr/local/texlive/2022/texmf-dist/tex/generic/ltxcmds/ltxcmds.sty
Package: ltxcmds 2020-05-10 v1.25 LaTeX kernel commands for general use (HO)
)
(/usr/local/texlive/2022/texmf-dist/tex/generic/iftex/iftex.sty
Package: iftex 2022/02/03 v1.0f TeX engine tests
)
(/usr/local/texlive/2022/texmf-dist/tex/generic/pdftexcmds/pdftexcmds.sty
Package: pdftexcmds 2020-06-27 v0.33 Utility functions of pdfTeX for LuaTeX (HO
)

(/usr/local/texlive/2022/texmf-dist/tex/generic/infwarerr/infwarerr.sty
Package: infwarerr 2019/12/03 v1.5 Providing info/warning/error messages (HO)
)
Package pdftexcmds Info: \pdf@primitive is available.
Package pdftexcmds Info: \pdf@ifprimitive is available.
Package pdftexcmds Info: \pdfdraftmode found.
)
(/usr/local/texlive/2022/texmf-dist/tex/generic/kvsetkeys/kvsetkeys.sty
Package: kvsetkeys 2019/12/15 v1.18 Key value parser (HO)
)
(/usr/local/texlive/2022/texmf-dist/tex/generic/kvdefinekeys/kvdefinekeys.sty
Package: kvdefinekeys 2019-12-19 v1.6 Define keys (HO)
)
(/usr/local/texlive/2022/texmf-dist/tex/generic/pdfescape/pdfescape.sty
Package: pdfescape 2019/12/09 v1.15 Implements pdfTeX's escape features (HO)
)
(/usr/local/texlive/2022/texmf-dist/tex/latex/hycolor/hycolor.sty
Package: hycolor 2020-01-27 v1.10 Color options for hyperref/bookmark (HO)
)
(/usr/local/texlive/2022/texmf-dist/tex/latex/letltxmacro/letltxmacro.sty
Package: letltxmacro 2019/12/03 v1.6 Let assignment for LaTeX macros (HO)
)
(/usr/local/texlive/2022/texmf-dist/tex/latex/auxhook/auxhook.sty
Package: auxhook 2019-12-17 v1.6 Hooks for auxiliary files (HO)
)
(/usr/local/texlive/2022/texmf-dist/tex/latex/kvoptions/kvoptions.sty
Package: kvoptions 2020-10-07 v3.14 Key value format for package options (HO)
)
\@linkdim=\dimen143
\Hy@linkcounter=\count267
\Hy@pagecounter=\count268

(/usr/local/texlive/2022/texmf-dist/tex/latex/hyperref/pd1enc.def
File: pd1enc.def 2022-02-21 v7.00n Hyperref: PDFDocEncoding definition (HO)
Now handling font encoding PD1 ...
... no UTF-8 mapping file for font encoding PD1
)
(/usr/local/texlive/2022/texmf-dist/tex/generic/intcalc/intcalc.sty
Package: intcalc 2019/12/15 v1.3 Expandable calculations with integers (HO)
)
(/usr/local/texlive/2022/texmf-dist/tex/generic/etexcmds/etexcmds.sty
Package: etexcmds 2019/12/15 v1.7 Avoid name clashes with e-TeX commands (HO)
)
\Hy@SavedSpaceFactor=\count269

(/usr/local/texlive/2022/texmf-dist/tex/latex/hyperref/puenc.def
File: puenc.def 2022-02-21 v7.00n Hyperref: PDF Unicode definition (HO)
Now handling font encoding PU ...
... no UTF-8 mapping file for font encoding PU
)
Package hyperref Info: Hyper figures OFF on input line 4137.
Package hyperref Info: Link nesting OFF on input line 4142.
Package hyperref Info: Hyper index ON on input line 4145.
Package hyperref Info: Plain pages OFF on input line 4152.
Package hyperref Info: Backreferencing OFF on input line 4157.
Package hyperref Info: Implicit mode ON; LaTeX internals redefined.
Package hyperref Info: Bookmarks ON on input line 4390.
\c@Hy@tempcnt=\count270

(/usr/local/texlive/2022/texmf-dist/tex/latex/url/url.sty
\Urlmuskip=\muskip16
Package: url 2013/09/16  ver 3.4  Verb mode for urls, etc.
)
LaTeX Info: Redefining \url on input line 4749.
\XeTeXLinkMargin=\dimen144

(/usr/local/texlive/2022/texmf-dist/tex/generic/bitset/bitset.sty
Package: bitset 2019/12/09 v1.3 Handle bit-vector datatype (HO)

(/usr/local/texlive/2022/texmf-dist/tex/generic/bigintcalc/bigintcalc.sty
Package: bigintcalc 2019/12/15 v1.5 Expandable calculations on big integers (HO
)
))
\Fld@menulength=\count271
\Field@Width=\dimen145
\Fld@charsize=\dimen146
Package hyperref Info: Hyper figures OFF on input line 6027.
Package hyperref Info: Link nesting OFF on input line 6032.
Package hyperref Info: Hyper index ON on input line 6035.
Package hyperref Info: backreferencing OFF on input line 6042.
Package hyperref Info: Link coloring OFF on input line 6047.
Package hyperref Info: Link coloring with OCG OFF on input line 6052.
Package hyperref Info: PDF/A mode OFF on input line 6057.
LaTeX Info: Redefining \ref on input line 6097.
LaTeX Info: Redefining \pageref on input line 6101.

(/usr/local/texlive/2022/texmf-dist/tex/latex/base/atbegshi-ltx.sty
Package: atbegshi-ltx 2021/01/10 v1.0c Emulation of the original atbegshi
package with kernel methods
)
\Hy@abspage=\count272
\c@Item=\count273
\c@Hfootnote=\count274
)
Package hyperref Info: Driver (autodetected): hpdftex.

(/usr/local/texlive/2022/texmf-dist/tex/latex/hyperref/hpdftex.def
File: hpdftex.def 2022-02-21 v7.00n Hyperref driver for pdfTeX

(/usr/local/texlive/2022/texmf-dist/tex/latex/base/atveryend-ltx.sty
Package: atveryend-ltx 2020/08/19 v1.0a Emulation of the original atveryend pac
kage
with kernel methods
)
\Fld@listcount=\count275
\c@bookmark@seq@number=\count276

(/usr/local/texlive/2022/texmf-dist/tex/latex/rerunfilecheck/rerunfilecheck.sty
Package: rerunfilecheck 2019/12/05 v1.9 Rerun checks for auxiliary files (HO)

(/usr/local/texlive/2022/texmf-dist/tex/generic/uniquecounter/uniquecounter.sty
Package: uniquecounter 2019/12/15 v1.4 Provide unlimited unique counter (HO)
)
Package uniquecounter Info: New unique counter `rerunfilecheck' on input line 2
86.
)
\Hy@SectionHShift=\skip49
)
(/usr/local/texlive/2022/texmf-dist/tex/latex/l3backend/l3backend-pdftex.def
File: l3backend-pdftex.def 2022-02-07 L3 backend support: PDF output (pdfTeX)
\l__color_backend_stack_int=\count277
\l__pdf_internal_box=\box52
)
(./CodingNotes.aux)
\openout1 = `CodingNotes.aux'.

LaTeX Font Info:    Checking defaults for OML/cmm/m/it on input line 100.
LaTeX Font Info:    ... okay on input line 100.
LaTeX Font Info:    Checking defaults for OMS/cmsy/m/n on input line 100.
LaTeX Font Info:    ... okay on input line 100.
LaTeX Font Info:    Checking defaults for OT1/cmr/m/n on input line 100.
LaTeX Font Info:    ... okay on input line 100.
LaTeX Font Info:    Checking defaults for T1/cmr/m/n on input line 100.
LaTeX Font Info:    ... okay on input line 100.
LaTeX Font Info:    Checking defaults for TS1/cmr/m/n on input line 100.
LaTeX Font Info:    ... okay on input line 100.
LaTeX Font Info:    Checking defaults for OMX/cmex/m/n on input line 100.
LaTeX Font Info:    ... okay on input line 100.
LaTeX Font Info:    Checking defaults for U/cmr/m/n on input line 100.
LaTeX Font Info:    ... okay on input line 100.
LaTeX Font Info:    Checking defaults for PD1/pdf/m/n on input line 100.
LaTeX Font Info:    ... okay on input line 100.
LaTeX Font Info:    Checking defaults for PU/pdf/m/n on input line 100.
LaTeX Font Info:    ... okay on input line 100.
\c@lstlisting=\count278

(/usr/local/texlive/2022/texmf-dist/tex/context/base/mkii/supp-pdf.mkii
[Loading MPS to PDF converter (version 2006.09.02).]
\scratchcounter=\count279
\scratchdimen=\dimen147
\scratchbox=\box53
\nofMPsegments=\count280
\nofMParguments=\count281
\everyMPshowfont=\toks18
\MPscratchCnt=\count282
\MPscratchDim=\dimen148
\MPnumerator=\count283
\makeMPintoPDFobject=\count284
\everyMPtoPDFconversion=\toks19
)
Package hyperref Info: Link coloring OFF on input line 100.
 (/usr/local/texlive/2022/texmf-dist/tex/latex/hyperref/nameref.sty
Package: nameref 2021-04-02 v2.47 Cross-referencing by name of section

(/usr/local/texlive/2022/texmf-dist/tex/latex/refcount/refcount.sty
Package: refcount 2019/12/15 v3.6 Data extraction from label references (HO)
)
(/usr/local/texlive/2022/texmf-dist/tex/generic/gettitlestring/gettitlestring.s
ty
Package: gettitlestring 2019/12/15 v1.6 Cleanup title references (HO)
)
\c@section@level=\count285
)
LaTeX Info: Redefining \ref on input line 100.
LaTeX Info: Redefining \pageref on input line 100.
LaTeX Info: Redefining \nameref on input line 100.
 (./CodingNotes.out) (./CodingNotes.out)
\@outlinefile=\write3
\openout3 = `CodingNotes.out'.

LaTeX Font Info:    External font `cmex10' loaded for size
(Font)              <12> on input line 104.
LaTeX Font Info:    External font `cmex10' loaded for size
(Font)              <8> on input line 104.
LaTeX Font Info:    External font `cmex10' loaded for size
(Font)              <6> on input line 104.
 [1

{/usr/local/texlive/2022/texmf-var/fonts/map/pdftex/updmap/pdftex.map}] (./Codi
ngNotes.toc
LaTeX Font Info:    External font `cmex10' loaded for size
(Font)              <7> on input line 2.
LaTeX Font Info:    External font `cmex10' loaded for size
(Font)              <5> on input line 2.
 [2] [3] [4])
\tf@toc=\write4
\openout4 = `CodingNotes.toc'.


[5]
Overfull \hbox (1.99698pt too wide) in paragraph at lines 122--123
[]$\OT1/cmtt/m/n/10 https : / / developer . mozilla . org / en-[]US / docs / We
b / JavaScript / Reference /
 []

LaTeX Font Info:    Font shape `OT1/cmtt/bx/n' in size <10> not available
(Font)              Font shape `OT1/cmtt/m/n' tried instead on input line 131.
[6]
Overfull \hbox (1.99698pt too wide) in paragraph at lines 146--147
[]$\OT1/cmtt/m/n/10 https : / / developer . mozilla . org / en-[]US / docs / We
b / JavaScript / Reference /
 []

[7]
Overfull \hbox (1.99698pt too wide) in paragraph at lines 168--169
[]$\OT1/cmtt/m/n/10 https : / / developer . mozilla . org / en-[]US / docs / We
b / JavaScript / Reference /
 []

[8]
Overfull \hbox (1.99698pt too wide) in paragraph at lines 194--195
[]$\OT1/cmtt/m/n/10 https : / / developer . mozilla . org / en-[]US / docs / We
b / JavaScript / Reference /
 []

[9]
Overfull \hbox (1.99698pt too wide) in paragraph at lines 216--217
[]$\OT1/cmtt/m/n/10 https : / / developer . mozilla . org / en-[]US / docs / We
b / JavaScript / Reference /
 []

[10]
Overfull \hbox (1.99698pt too wide) in paragraph at lines 239--240
[]$\OT1/cmtt/m/n/10 https : / / developer . mozilla . org / en-[]US / docs / We
b / JavaScript / Reference /
 []

[11]
Overfull \hbox (1.99698pt too wide) in paragraph at lines 264--265
[]$\OT1/cmtt/m/n/10 https : / / developer . mozilla . org / en-[]US / docs / We
b / JavaScript / Reference /
 []

[12]
Overfull \hbox (1.99698pt too wide) in paragraph at lines 290--291
[]$\OT1/cmtt/m/n/10 https : / / developer . mozilla . org / en-[]US / docs / We
b / JavaScript / Reference /
 []

[13] [14]
Overfull \hbox (1.99698pt too wide) in paragraph at lines 354--355
[]$\OT1/cmtt/m/n/10 https : / / developer . mozilla . org / en-[]US / docs / We
b / JavaScript / Reference /
 []

[15]
Overfull \hbox (1.99698pt too wide) in paragraph at lines 387--388
[]$\OT1/cmtt/m/n/10 https : / / developer . mozilla . org / en-[]US / docs / We
b / JavaScript / Reference /
 []

[16]
Overfull \hbox (1.99698pt too wide) in paragraph at lines 418--419
[]$\OT1/cmtt/m/n/10 https : / / developer . mozilla . org / en-[]US / docs / We
b / JavaScript / Reference /
 []

[17]
Overfull \hbox (1.99698pt too wide) in paragraph at lines 447--448
[]$\OT1/cmtt/m/n/10 https : / / developer . mozilla . org / en-[]US / docs / We
b / JavaScript / Reference /
 []

LaTeX Font Info:    Trying to load font information for TS1+cmtt on input line 
459.
(/usr/local/texlive/2022/texmf-dist/tex/latex/base/ts1cmtt.fd
File: ts1cmtt.fd 2019/12/16 v2.5j Standard LaTeX font definitions
) [18]
Overfull \hbox (1.99698pt too wide) in paragraph at lines 474--475
[]$\OT1/cmtt/m/n/10 https : / / developer . mozilla . org / en-[]US / docs / We
b / JavaScript / Reference /
 []

[19]
Overfull \hbox (1.99698pt too wide) in paragraph at lines 492--493
[]$\OT1/cmtt/m/n/10 https : / / developer . mozilla . org / en-[]US / docs / We
b / JavaScript / Reference /
 []

[20]
Overfull \hbox (1.99698pt too wide) in paragraph at lines 516--517
[]$\OT1/cmtt/m/n/10 https : / / developer . mozilla . org / en-[]US / docs / We
b / JavaScript / Reference /
 []

[21]
Overfull \hbox (1.99698pt too wide) in paragraph at lines 542--543
[]$\OT1/cmtt/m/n/10 https : / / developer . mozilla . org / en-[]US / docs / We
b / JavaScript / Reference /
 []

[22]
Overfull \hbox (1.99698pt too wide) in paragraph at lines 565--566
[]$\OT1/cmtt/m/n/10 https : / / developer . mozilla . org / en-[]US / docs / We
b / JavaScript / Reference /
 []

[23]
Overfull \hbox (1.99698pt too wide) in paragraph at lines 604--605
[]$\OT1/cmtt/m/n/10 https : / / developer . mozilla . org / en-[]US / docs / We
b / JavaScript / Reference /
 []


Overfull \hbox (16.99698pt too wide) in paragraph at lines 608--609
[][]$\OT1/cmtt/m/n/10 https : / / developer . mozilla . org / en-[]US / docs / 
Web / JavaScript / Reference /
 []


Overfull \hbox (16.99698pt too wide) in paragraph at lines 612--613
[][]$\OT1/cmtt/m/n/10 https : / / developer . mozilla . org / en-[]US / docs / 
Web / JavaScript / Reference /
 []

[24]
Overfull \hbox (1.99698pt too wide) in paragraph at lines 662--663
[]$\OT1/cmtt/m/n/10 https : / / developer . mozilla . org / en-[]US / docs / We
b / JavaScript / Reference /
 []


Overfull \hbox (16.99698pt too wide) in paragraph at lines 666--667
[][]$\OT1/cmtt/m/n/10 https : / / developer . mozilla . org / en-[]US / docs / 
Web / JavaScript / Reference /
 []

[25]

Package hyperref Warning: Token not allowed in a PDF string (Unicode):
(hyperref)                removing `math shift' on input line 706.


Package hyperref Warning: Token not allowed in a PDF string (Unicode):
(hyperref)                removing `\Vert' on input line 706.


Package hyperref Warning: Token not allowed in a PDF string (Unicode):
(hyperref)                removing `math shift' on input line 706.


Overfull \hbox (1.99698pt too wide) in paragraph at lines 708--709
[]$\OT1/cmtt/m/n/10 https : / / developer . mozilla . org / en-[]US / docs / We
b / JavaScript / Reference /
 []


Overfull \hbox (16.99698pt too wide) in paragraph at lines 712--713
[][]$\OT1/cmtt/m/n/10 https : / / developer . mozilla . org / en-[]US / docs / 
Web / JavaScript / Reference /
 []

[26] [27]
Overfull \hbox (1.99698pt too wide) in paragraph at lines 764--765
[]$\OT1/cmtt/m/n/10 https : / / developer . mozilla . org / en-[]US / docs / We
b / JavaScript / Reference /
 []

[28]
Overfull \hbox (1.99698pt too wide) in paragraph at lines 810--811
[]$\OT1/cmtt/m/n/10 https : / / developer . mozilla . org / en-[]US / docs / We
b / JavaScript / Reference /
 []

[29]
Overfull \hbox (1.99698pt too wide) in paragraph at lines 839--840
[]$\OT1/cmtt/m/n/10 https : / / developer . mozilla . org / en-[]US / docs / We
b / JavaScript / Reference /
 []


Overfull \hbox (1.72287pt too wide) in paragraph at lines 842--843
\OT1/cmr/m/n/10 ing: built-in String, Ar-ray, array-like ob-jects (e.g., ar-gu-
ments or NodeList),
 []

[30]
Overfull \hbox (1.99698pt too wide) in paragraph at lines 876--877
[]$\OT1/cmtt/m/n/10 https : / / developer . mozilla . org / en-[]US / docs / We
b / JavaScript / Reference /
 []

[31]
Overfull \hbox (1.99698pt too wide) in paragraph at lines 918--919
[]$\OT1/cmtt/m/n/10 https : / / developer . mozilla . org / en-[]US / docs / We
b / JavaScript / Reference /
 []

[32]
Overfull \hbox (1.99698pt too wide) in paragraph at lines 967--968
[]$\OT1/cmtt/m/n/10 https : / / developer . mozilla . org / en-[]US / docs / We
b / JavaScript / Reference /
 []

[33]
Overfull \hbox (1.99698pt too wide) in paragraph at lines 1009--1010
[]$\OT1/cmtt/m/n/10 https : / / developer . mozilla . org / en-[]US / docs / We
b / JavaScript / Reference /
 []

[34]
Overfull \hbox (1.99698pt too wide) in paragraph at lines 1050--1051
[]$\OT1/cmtt/m/n/10 https : / / developer . mozilla . org / en-[]US / docs / We
b / JavaScript / Reference /
 []

[35] [36]
Overfull \hbox (1.99698pt too wide) in paragraph at lines 1140--1141
[]$\OT1/cmtt/m/n/10 https : / / developer . mozilla . org / en-[]US / docs / We
b / JavaScript / Reference /
 []

[37]
Overfull \hbox (1.99698pt too wide) in paragraph at lines 1186--1187
[]$\OT1/cmtt/m/n/10 https : / / developer . mozilla . org / en-[]US / docs / We
b / JavaScript / Reference /
 []

[38]
Overfull \hbox (1.99698pt too wide) in paragraph at lines 1226--1227
[]$\OT1/cmtt/m/n/10 https : / / developer . mozilla . org / en-[]US / docs / We
b / JavaScript / Reference /
 []

[39]
Overfull \hbox (1.99698pt too wide) in paragraph at lines 1272--1273
[]$\OT1/cmtt/m/n/10 https : / / developer . mozilla . org / en-[]US / docs / We
b / JavaScript / Reference /
 []

[40]
Overfull \hbox (1.99698pt too wide) in paragraph at lines 1318--1319
[]$\OT1/cmtt/m/n/10 https : / / developer . mozilla . org / en-[]US / docs / We
b / JavaScript / Reference /
 []

[41]
Overfull \hbox (1.99698pt too wide) in paragraph at lines 1350--1351
[]$\OT1/cmtt/m/n/10 https : / / developer . mozilla . org / en-[]US / docs / We
b / JavaScript / Reference /
 []

[42]
Overfull \hbox (1.99698pt too wide) in paragraph at lines 1403--1404
[]$\OT1/cmtt/m/n/10 https : / / developer . mozilla . org / en-[]US / docs / We
b / JavaScript / Reference /
 []

[43]
Overfull \hbox (1.99698pt too wide) in paragraph at lines 1443--1444
[]$\OT1/cmtt/m/n/10 https : / / developer . mozilla . org / en-[]US / docs / We
b / JavaScript / Reference /
 []

[44] [45]
Overfull \hbox (1.99698pt too wide) in paragraph at lines 1502--1503
[]$\OT1/cmtt/m/n/10 https : / / developer . mozilla . org / en-[]US / docs / We
b / JavaScript / Reference /
 []

[46]
Overfull \hbox (1.99698pt too wide) in paragraph at lines 1540--1541
[]$\OT1/cmtt/m/n/10 https : / / developer . mozilla . org / en-[]US / docs / We
b / JavaScript / Reference /
 []

[47]
Overfull \hbox (1.99698pt too wide) in paragraph at lines 1586--1587
[]$\OT1/cmtt/m/n/10 https : / / developer . mozilla . org / en-[]US / docs / We
b / JavaScript / Reference /
 []

[48] [49]
Overfull \hbox (1.99698pt too wide) in paragraph at lines 1672--1673
[]$\OT1/cmtt/m/n/10 https : / / developer . mozilla . org / en-[]US / docs / We
b / JavaScript / Reference /
 []

[50]
Overfull \hbox (1.99698pt too wide) in paragraph at lines 1705--1706
[]$\OT1/cmtt/m/n/10 https : / / developer . mozilla . org / en-[]US / docs / We
b / JavaScript / Reference /
 []

[51]
Overfull \hbox (72.17784pt too wide) in paragraph at lines 1754--1754
[]\OT1/cmr/bx/n/12 String.prototype.toLowerCase() String.prototype.toUpperCase(
) 
 []


Overfull \hbox (1.99698pt too wide) in paragraph at lines 1756--1759
[]$\OT1/cmtt/m/n/10 https : / / developer . mozilla . org / en-[]US / docs / We
b / JavaScript / Reference /
 []


Overfull \hbox (19.96906pt too wide) in paragraph at lines 1756--1759
\OT1/cmtt/m/n/10 Global _ Objects / String / toLowerCase$[] []$https : / / deve
loper . mozilla . org / en-[]US /
 []

[52]
Overfull \hbox (1.99698pt too wide) in paragraph at lines 1795--1796
[]$\OT1/cmtt/m/n/10 https : / / developer . mozilla . org / en-[]US / docs / We
b / JavaScript / Reference /
 []

[53]
Overfull \hbox (1.99698pt too wide) in paragraph at lines 1828--1829
[]$\OT1/cmtt/m/n/10 https : / / developer . mozilla . org / en-[]US / docs / We
b / JavaScript / Reference /
 []

[54] [55]
Overfull \hbox (1.99698pt too wide) in paragraph at lines 1881--1882
[]$\OT1/cmtt/m/n/10 https : / / developer . mozilla . org / en-[]US / docs / We
b / JavaScript / Reference /
 []

[56]
Overfull \hbox (1.99698pt too wide) in paragraph at lines 1913--1914
[]$\OT1/cmtt/m/n/10 https : / / developer . mozilla . org / en-[]US / docs / We
b / JavaScript / Reference /
 []

[57]
Overfull \hbox (1.99698pt too wide) in paragraph at lines 1954--1955
[]$\OT1/cmtt/m/n/10 https : / / developer . mozilla . org / en-[]US / docs / We
b / JavaScript / Reference /
 []

[58]
Overfull \hbox (1.99698pt too wide) in paragraph at lines 2001--2002
[]$\OT1/cmtt/m/n/10 https : / / developer . mozilla . org / en-[]US / docs / We
b / JavaScript / Reference /
 []

[59]
Overfull \hbox (1.99698pt too wide) in paragraph at lines 2043--2044
[]$\OT1/cmtt/m/n/10 https : / / developer . mozilla . org / en-[]US / docs / We
b / JavaScript / Reference /
 []

[60] [61] [62] [63] [64] [65]
Overfull \hbox (17.83415pt too wide) in paragraph at lines 2248--2249
\OT1/cmr/m/n/10 https://leetcode.com/problems/final-value-of-variable-after-per
forming-operations/ 
 []

[66] [67] [68] [69]
Overfull \hbox (3.97292pt too wide) in paragraph at lines 2344--2345
\OT1/cmr/m/n/10 https://leetcode.com/problems/maximum-number-of-words-found-in-
sentences/ 
 []

[70] [71] [72] [73] [74] [75]
Overfull \hbox (13.41731pt too wide) in paragraph at lines 2536--2537
\OT1/cmr/m/n/10 leetcode.com/problems/how-many-numbers-are-smaller-than-the-cur
rent-number/ 
 []

[76] [77] [78]
Overfull \hbox (2.55621pt too wide) in paragraph at lines 2662--2663
\OT1/cmr/m/n/10 https://leetcode.com/problems/count-number-of-pairs-with-absolu
te-difference-
 []

[79] [80] [81] [82] [83] [84] [85] [86] [87] [88] [89] [90] [91] [92] [93]
[94] [95] [96] [97] [98] [99] [100] [101] [102] [103] [104] [105] [106]
Overfull \hbox (3.86183pt too wide) in paragraph at lines 3598--3599
[]\OT1/cmr/m/n/10 Initialize value to String fromCharCode(s[i-1].charCodeAt()+N
umber(s[i])) 
 []

[107] [108] [109] [110] [111]
Overfull \hbox (45.9451pt too wide) in paragraph at lines 3796--3797
\OT1/cmr/m/n/10 https://leetcode.com/problems/check-if-all-characters-have-equa
l-number-of-occurrences/ 
 []

[112] [113] [114] [115] [116]
Overfull \hbox (6.05623pt too wide) in paragraph at lines 4009--4010
\OT1/cmr/m/n/10 https://leetcode.com/problems/check-if-number-has-equal-digit-c
ount-and-digit-
 []

[117]
Overfull \hbox (20.41745pt too wide) in paragraph at lines 4037--4038
\OT1/cmr/m/n/10 https://leetcode.com/problems/keep-multiplying-found-values-by-
two/submissions/ 
 []

[118] [119] [120] [121] [122]
Overfull \hbox (7.25061pt too wide) in paragraph at lines 4253--4254
\OT1/cmr/m/n/10 https://leetcode.com/problems/substrings-of-size-three-with-dis
tinct-characters/ 
 []

[123] [124] [125] [126] [127] [128] [129] [130] [131] [132] [133] [134]
[135] [136] [137] [138] [139] [140]
Overfull \hbox (3.63959pt too wide) in paragraph at lines 4970--4971
\OT1/cmr/m/n/10 https://leetcode.com/problems/find-a-corresponding-node-of-a-bi
nary-tree-in-a-
 []

[141] [142] [143] [144] (./CodingNotes.aux)
Package rerunfilecheck Info: File `CodingNotes.out' has not changed.
(rerunfilecheck)             Checksum: 6DE55880E189A6A6A4942E832E778BC5;24929.
 ) 
Here is how much of TeX's memory you used:
 12871 strings out of 478268
 193051 string characters out of 5846348
 767180 words of memory out of 5000000
 28140 multiletter control sequences out of 15000+600000
 474314 words of font info for 45 fonts, out of 8000000 for 9000
 1141 hyphenation exceptions out of 8191
 60i,6n,63p,479b,1837s stack positions out of 10000i,1000n,20000p,200000b,200000s
{/usr/local/texlive/2022/texmf-dist/fonts/enc/dvips/cm-super/cm-super-ts1.enc
}</usr/local/texlive/2022/texmf-dist/fonts/type1/public/amsfonts/cm/cmbx10.pfb>
</usr/local/texlive/2022/texmf-dist/fonts/type1/public/amsfonts/cm/cmbx12.pfb><
/usr/local/texlive/2022/texmf-dist/fonts/type1/public/amsfonts/cm/cmr10.pfb></u
sr/local/texlive/2022/texmf-dist/fonts/type1/public/amsfonts/cm/cmr12.pfb></usr
/local/texlive/2022/texmf-dist/fonts/type1/public/amsfonts/cm/cmr17.pfb></usr/l
ocal/texlive/2022/texmf-dist/fonts/type1/public/amsfonts/cm/cmr8.pfb></usr/loca
l/texlive/2022/texmf-dist/fonts/type1/public/amsfonts/cm/cmsy10.pfb></usr/local
/texlive/2022/texmf-dist/fonts/type1/public/amsfonts/cm/cmtt10.pfb></usr/local/
texlive/2022/texmf-dist/fonts/type1/public/cm-super/sfrm1000.pfb></usr/local/te
xlive/2022/texmf-dist/fonts/type1/public/cm-super/sftt1000.pfb>
Output written on CodingNotes.pdf (144 pages, 506742 bytes).
PDF statistics:
 4633 PDF objects out of 5155 (max. 8388607)
 4422 compressed objects within 45 object streams
 2865 named destinations out of 2984 (max. 500000)
 1041 words of extra memory for PDF output out of 10000 (max. 10000000)

